<?xml version="1.0" encoding="UTF-8"?>
<testsuite name="com.sparta.myselectshop.MyselectshopApplicationTests" tests="1" skipped="0" failures="0" errors="0" timestamp="2024-07-30T05:26:12" hostname="hosu-MacBook-Air.local" time="0.344">
  <properties/>
  <testcase name="contextLoads()" classname="com.sparta.myselectshop.MyselectshopApplicationTests" time="0.344"/>
  <system-out><![CDATA[14:26:09.151 [Test worker] INFO org.springframework.test.context.support.AnnotationConfigContextLoaderUtils -- Could not detect default configuration classes for test class [com.sparta.myselectshop.MyselectshopApplicationTests]: MyselectshopApplicationTests does not declare any static, non-private, non-final, nested classes annotated with @Configuration.
14:26:09.208 [Test worker] INFO org.springframework.boot.test.context.SpringBootTestContextBootstrapper -- Found @SpringBootConfiguration com.sparta.myselectshop.MyselectshopApplication for test class com.sparta.myselectshop.MyselectshopApplicationTests

  .   ____          _            __ _ _
 /\\ / ___'_ __ _ _(_)_ __  __ _ \ \ \ \
( ( )\___ | '_ | '_| | '_ \/ _` | \ \ \ \
 \\/  ___)| |_)| | | | | || (_| |  ) ) ) )
  '  |____| .__|_| |_|_| |_\__, | / / / /
 =========|_|==============|___/=/_/_/_/

 :: Spring Boot ::                (v3.3.2)

2024-07-30T14:26:09.389+09:00  WARN 80245 --- [    Test worker] ory$DuplicateJsonObjectContextCustomizer : 

Found multiple occurrences of org.json.JSONObject on the class path:

	jar:file:/Users/jeonghojun/.gradle/caches/modules-2/files-2.1/org.json/json/20230227/7a0d4aca76513d8ce81f9b044ce8126b84809ad8/json-20230227.jar!/org/json/JSONObject.class
	jar:file:/Users/jeonghojun/.gradle/caches/modules-2/files-2.1/com.vaadin.external.google/android-json/0.0.20131108.vaadin1/fa26d351fe62a6a17f5cda1287c1c6110dec413f/android-json-0.0.20131108.vaadin1.jar!/org/json/JSONObject.class

You may wish to exclude one of them to ensure predictable runtime behavior

2024-07-30T14:26:09.395+09:00  INFO 80245 --- [    Test worker] c.s.m.MyselectshopApplicationTests       : Starting MyselectshopApplicationTests using Java 17.0.8 with PID 80245 (started by jeonghojun in /Users/jeonghojun/Desktop/myselectshop)
2024-07-30T14:26:09.395+09:00  INFO 80245 --- [    Test worker] c.s.m.MyselectshopApplicationTests       : No active profile set, falling back to 1 default profile: "default"
2024-07-30T14:26:09.815+09:00  INFO 80245 --- [    Test worker] .s.d.r.c.RepositoryConfigurationDelegate : Bootstrapping Spring Data JPA repositories in DEFAULT mode.
2024-07-30T14:26:09.858+09:00  INFO 80245 --- [    Test worker] .s.d.r.c.RepositoryConfigurationDelegate : Finished Spring Data repository scanning in 38 ms. Found 4 JPA repository interfaces.
2024-07-30T14:26:10.452+09:00  INFO 80245 --- [    Test worker] o.hibernate.jpa.internal.util.LogHelper  : HHH000204: Processing PersistenceUnitInfo [name: default]
2024-07-30T14:26:10.499+09:00  INFO 80245 --- [    Test worker] org.hibernate.Version                    : HHH000412: Hibernate ORM core version 6.5.2.Final
2024-07-30T14:26:10.529+09:00  INFO 80245 --- [    Test worker] o.h.c.internal.RegionFactoryInitiator    : HHH000026: Second-level cache disabled
2024-07-30T14:26:10.799+09:00  INFO 80245 --- [    Test worker] o.s.o.j.p.SpringPersistenceUnitInfo      : No LoadTimeWeaver setup: ignoring JPA class transformer
2024-07-30T14:26:10.829+09:00  INFO 80245 --- [    Test worker] com.zaxxer.hikari.HikariDataSource       : HikariPool-1 - Starting...
2024-07-30T14:26:11.223+09:00  INFO 80245 --- [    Test worker] com.zaxxer.hikari.pool.HikariPool        : HikariPool-1 - Added connection com.mysql.cj.jdbc.ConnectionImpl@64544ee4
2024-07-30T14:26:11.226+09:00  INFO 80245 --- [    Test worker] com.zaxxer.hikari.HikariDataSource       : HikariPool-1 - Start completed.
2024-07-30T14:26:12.085+09:00  INFO 80245 --- [    Test worker] o.h.e.t.j.p.i.JtaPlatformInitiator       : HHH000489: No JTA platform available (set 'hibernate.transaction.jta.platform' to enable JTA platform integration)
2024-07-30T14:26:12.241+09:00  INFO 80245 --- [    Test worker] j.LocalContainerEntityManagerFactoryBean : Initialized JPA EntityManagerFactory for persistence unit 'default'
2024-07-30T14:26:12.546+09:00  WARN 80245 --- [    Test worker] JpaBaseConfiguration$JpaWebConfiguration : spring.jpa.open-in-view is enabled by default. Therefore, database queries may be performed during view rendering. Explicitly configure spring.jpa.open-in-view to disable this warning
2024-07-30T14:26:12.558+09:00  INFO 80245 --- [    Test worker] r$InitializeUserDetailsManagerConfigurer : Global AuthenticationManager configured with UserDetailsService bean with name userDetailsServiceImpl
2024-07-30T14:26:12.597+09:00  INFO 80245 --- [    Test worker] o.s.b.a.w.s.WelcomePageHandlerMapping    : Adding welcome page template: index
2024-07-30T14:26:12.923+09:00  INFO 80245 --- [    Test worker] c.s.m.MyselectshopApplicationTests       : Started MyselectshopApplicationTests in 3.638 seconds (process running for 4.239)
]]></system-out>
  <system-err><![CDATA[]]></system-err>
</testsuite>
